Arguments: 
  /usr/local/bin/node /opt/yarn-v1.22.19/bin/yarn.js dev

PATH: 
  /usr/local/sbin:/usr/local/bin:/usr/sbin:/usr/bin:/sbin:/bin

Yarn version: 
  1.22.19

Node version: 
  18.19.0

Platform: 
  linux x64

Trace: 
  Error: EIO: i/o error, open '/app/package.json'

npm manifest: 
  {
    "name": "bokking-engine",
    "version": "1.0.0",
    "description": "",
    "main": "index.js",
    "scripts": {
      "build": "tsc",
      "clean": "rm -rf dist",
      "dev": "nodemon -L ./app.ts",
      "lint": "tsc --noEmit && eslint \"/**/*.ts*\"",
      "start": "node -r esbuild-register ./src/index.ts",
      "test": "jest --detectOpenHandles"
    },
    "keywords": [],
    "author": "",
    "license": "ISC",
    "dependencies": {
      "@types/bcryptjs": "^2.4.6",
      "@types/cookie-parser": "^1.4.6",
      "@types/cors": "^2.8.16",
      "@types/express": "^4.17.21",
      "@types/node": "^20.9.1",
      "bcryptjs": "^2.4.3",
      "cookie-parser": "^1.4.6",
      "cors": "^2.8.5",
      "dotenv": "^16.3.1",
      "express": "^4.18.2",
      "kafkajs": "^2.2.4",
      "mongoose": "^8.0.1",
      "nodemon": "^3.0.1",
      "ts-node-dev": "^2.0.0",
      "typescript": "^5.2.2"
    }
  }

yarn manifest: 
  No manifest

Lockfile: 
  No lockfile
